Build started 18.7.2018 г. 11:46:18.
     1>Project "C:\Users\John\Documents\Visual Studio 2015\Projects\CustomAllocatorDLL\CustomAllocatorDLL\CustomAllocatorDLL.vcxproj" on node 2 (Rebuild target(s)).
     1>_PrepareForClean:
         Deleting file "x64\Debug\CustomAl.08E6758D.tlog\CustomAllocatorDLL.lastbuildstate".
       InitializeBuildStatus:
         Creating "x64\Debug\CustomAl.08E6758D.tlog\unsuccessfulbuild" because "AlwaysCreate" was specified.
       ClCompile:
         C:\Program Files (x86)\Microsoft Visual Studio 14.0\VC\bin\x86_amd64\CL.exe /c /ZI /nologo /W3 /WX- /sdl /Od /D _DEBUG /D _WINDOWS /D _USRDLL /D CUSTOMALLOC_EXPORTS /D _WINDLL /D _UNICODE /D UNICODE /Gm /EHsc /RTC1 /MDd /GS /fp:precise /Zc:wchar_t /Zc:forScope /Zc:inline /Yc"stdafx.h" /Fp"x64\Debug\CustomAllocatorDLL.pch" /Fo"x64\Debug\\" /Fd"x64\Debug\vc140.pdb" /Gd /TP /errorReport:prompt stdafx.cpp
         stdafx.cpp
         C:\Program Files (x86)\Microsoft Visual Studio 14.0\VC\bin\x86_amd64\CL.exe /c /ZI /nologo /W3 /WX- /sdl /Od /D _DEBUG /D _WINDOWS /D _USRDLL /D CUSTOMALLOC_EXPORTS /D _WINDLL /D _UNICODE /D UNICODE /Gm /EHsc /RTC1 /MDd /GS /fp:precise /Zc:wchar_t /Zc:forScope /Zc:inline /Yu"stdafx.h" /Fp"x64\Debug\CustomAllocatorDLL.pch" /Fo"x64\Debug\\" /Fd"x64\Debug\vc140.pdb" /Gd /TP /errorReport:prompt CustomBaseAllocatorDLL.cpp LinearAllocator.cpp PoolAllocator.cpp
         PoolAllocator.cpp
         LinearAllocator.cpp
         CustomBaseAllocatorDLL.cpp
         Generating Code...
         C:\Program Files (x86)\Microsoft Visual Studio 14.0\VC\bin\x86_amd64\CL.exe /c /ZI /nologo /W3 /WX- /sdl /Od /D _DEBUG /D _WINDOWS /D _USRDLL /D CUSTOMALLOC_EXPORTS /D _WINDLL /D _UNICODE /D UNICODE /Gm /EHsc /RTC1 /MDd /GS /fp:precise /Zc:wchar_t /Zc:forScope /Zc:inline /Fo"x64\Debug\\" /Fd"x64\Debug\vc140.pdb" /Gd /TP /errorReport:prompt dllmain.cpp
         dllmain.cpp
       Link:
         C:\Program Files (x86)\Microsoft Visual Studio 14.0\VC\bin\x86_amd64\link.exe /ERRORREPORT:PROMPT /OUT:"C:\Users\John\Documents\Visual Studio 2015\Projects\CustomAllocatorDLL\x64\Debug\CustomAllocatorDLL.dll" /INCREMENTAL /NOLOGO kernel32.lib user32.lib gdi32.lib winspool.lib comdlg32.lib advapi32.lib shell32.lib ole32.lib oleaut32.lib uuid.lib odbc32.lib odbccp32.lib /MANIFEST /MANIFESTUAC:"level='asInvoker' uiAccess='false'" /manifest:embed /DEBUG /PDB:"C:\Users\John\Documents\Visual Studio 2015\Projects\CustomAllocatorDLL\x64\Debug\CustomAllocatorDLL.pdb" /SUBSYSTEM:WINDOWS /TLBID:1 /DYNAMICBASE /NXCOMPAT /IMPLIB:"C:\Users\John\Documents\Visual Studio 2015\Projects\CustomAllocatorDLL\x64\Debug\CustomAllocatorDLL.lib" /MACHINE:X64 /DLL x64\Debug\CustomBaseAllocatorDLL.obj
         x64\Debug\dllmain.obj
         x64\Debug\LinearAllocator.obj
         x64\Debug\PoolAllocator.obj
         x64\Debug\stdafx.obj
            Creating library C:\Users\John\Documents\Visual Studio 2015\Projects\CustomAllocatorDLL\x64\Debug\CustomAllocatorDLL.lib and object C:\Users\John\Documents\Visual Studio 2015\Projects\CustomAllocatorDLL\x64\Debug\CustomAllocatorDLL.exp
         CustomAllocatorDLL.vcxproj -> C:\Users\John\Documents\Visual Studio 2015\Projects\CustomAllocatorDLL\x64\Debug\CustomAllocatorDLL.dll
         CustomAllocatorDLL.vcxproj -> C:\Users\John\Documents\Visual Studio 2015\Projects\CustomAllocatorDLL\x64\Debug\CustomAllocatorDLL.pdb (Full PDB)
       FinalizeBuildStatus:
         Deleting file "x64\Debug\CustomAl.08E6758D.tlog\unsuccessfulbuild".
         Touching "x64\Debug\CustomAl.08E6758D.tlog\CustomAllocatorDLL.lastbuildstate".
     1>Done Building Project "C:\Users\John\Documents\Visual Studio 2015\Projects\CustomAllocatorDLL\CustomAllocatorDLL\CustomAllocatorDLL.vcxproj" (Rebuild target(s)).

Build succeeded.

Time Elapsed 00:00:02.30
