c:\users\john\documents\visual studio 2015\projects\customallocatordll\customallocatordll\x64\debug\customallocatordll.pch
c:\users\john\documents\visual studio 2015\projects\customallocatordll\customallocatordll\x64\debug\vc140.pdb
c:\users\john\documents\visual studio 2015\projects\customallocatordll\customallocatordll\x64\debug\vc140.idb
c:\users\john\documents\visual studio 2015\projects\customallocatordll\customallocatordll\x64\debug\stdafx.obj
c:\users\john\documents\visual studio 2015\projects\customallocatordll\customallocatordll\x64\debug\custombaseallocatordll.obj
c:\users\john\documents\visual studio 2015\projects\customallocatordll\customallocatordll\x64\debug\linearallocator.obj
c:\users\john\documents\visual studio 2015\projects\customallocatordll\customallocatordll\x64\debug\poolallocator.obj
c:\users\john\documents\visual studio 2015\projects\customallocatordll\customallocatordll\x64\debug\dllmain.obj
c:\users\john\documents\visual studio 2015\projects\customallocatordll\x64\debug\customallocatordll.lib
c:\users\john\documents\visual studio 2015\projects\customallocatordll\x64\debug\customallocatordll.exp
c:\users\john\documents\visual studio 2015\projects\customallocatordll\x64\debug\customallocatordll.ilk
c:\users\john\documents\visual studio 2015\projects\customallocatordll\x64\debug\customallocatordll.dll
c:\users\john\documents\visual studio 2015\projects\customallocatordll\x64\debug\customallocatordll.pdb
c:\users\john\documents\visual studio 2015\projects\customallocatordll\customallocatordll\x64\debug\customal.08e6758d.tlog\cl.command.1.tlog
c:\users\john\documents\visual studio 2015\projects\customallocatordll\customallocatordll\x64\debug\customal.08e6758d.tlog\cl.read.1.tlog
c:\users\john\documents\visual studio 2015\projects\customallocatordll\customallocatordll\x64\debug\customal.08e6758d.tlog\cl.write.1.tlog
c:\users\john\documents\visual studio 2015\projects\customallocatordll\customallocatordll\x64\debug\customal.08e6758d.tlog\customallocatordll.write.1u.tlog
c:\users\john\documents\visual studio 2015\projects\customallocatordll\customallocatordll\x64\debug\customal.08e6758d.tlog\link.command.1.tlog
c:\users\john\documents\visual studio 2015\projects\customallocatordll\customallocatordll\x64\debug\customal.08e6758d.tlog\link.read.1.tlog
c:\users\john\documents\visual studio 2015\projects\customallocatordll\customallocatordll\x64\debug\customal.08e6758d.tlog\link.write.1.tlog
